0 info it worked if it ends with ok
1 verbose cli [ 'C:\\Program Files\\nodejs\\\\node.exe',
1 verbose cli   'C:\\Program Files\\nodejs\\node_modules\\npm\\bin\\npm-cli.js',
1 verbose cli   'install',
1 verbose cli   'connnect-mongo',
1 verbose cli   '--save' ]
2 info using npm@1.4.28
3 info using node@v0.10.35
4 verbose node symlink C:\Program Files\nodejs\\node.exe
5 warn package.json myweb@1.0.0 No description
6 warn package.json myweb@1.0.0 No repository field.
7 warn package.json myweb@1.0.0 No README data
8 verbose readDependencies using package.json deps
9 verbose cache add [ 'connnect-mongo', null ]
10 verbose cache add name=undefined spec="connnect-mongo" args=["connnect-mongo",null]
11 verbose parsed url { protocol: null,
11 verbose parsed url   slashes: null,
11 verbose parsed url   auth: null,
11 verbose parsed url   host: null,
11 verbose parsed url   port: null,
11 verbose parsed url   hostname: null,
11 verbose parsed url   hash: null,
11 verbose parsed url   search: null,
11 verbose parsed url   query: null,
11 verbose parsed url   pathname: 'connnect-mongo',
11 verbose parsed url   path: 'connnect-mongo',
11 verbose parsed url   href: 'connnect-mongo' }
12 silly lockFile a2902924-connnect-mongo connnect-mongo
13 verbose lock connnect-mongo C:\Users\KIM\AppData\Roaming\npm-cache\a2902924-connnect-mongo.lock
14 silly lockFile a2902924-connnect-mongo connnect-mongo
15 silly lockFile a2902924-connnect-mongo connnect-mongo
16 verbose addNamed [ 'connnect-mongo', '' ]
17 verbose addNamed [ null, '*' ]
18 silly lockFile fe504edf-connnect-mongo connnect-mongo@
19 verbose lock connnect-mongo@ C:\Users\KIM\AppData\Roaming\npm-cache\fe504edf-connnect-mongo.lock
20 silly addNameRange { name: 'connnect-mongo', range: '*', hasData: false }
21 verbose request where is /connnect-mongo
22 verbose request registry https://registry.npmjs.org/
23 verbose request id 9586c58c838ee8f8
24 verbose url raw /connnect-mongo
25 verbose url resolving [ 'https://registry.npmjs.org/', './connnect-mongo' ]
26 verbose url resolved https://registry.npmjs.org/connnect-mongo
27 verbose request where is https://registry.npmjs.org/connnect-mongo
28 info trying registry request attempt 1 at 00:11:58
29 http GET https://registry.npmjs.org/connnect-mongo
30 http 404 https://registry.npmjs.org/connnect-mongo
31 verbose headers { date: 'Wed, 25 Mar 2015 15:11:57 GMT',
31 verbose headers   server: 'CouchDB/1.5.0 (Erlang OTP/R16B03)',
31 verbose headers   'content-type': 'application/json',
31 verbose headers   'cache-control': 'max-age=0',
31 verbose headers   'content-length': '51',
31 verbose headers   'accept-ranges': 'bytes',
31 verbose headers   via: '1.1 varnish',
31 verbose headers   age: '0',
31 verbose headers   'x-served-by': 'cache-nrt6130-NRT',
31 verbose headers   'x-cache': 'MISS',
31 verbose headers   'x-cache-hits': '0',
31 verbose headers   'x-timer': 'S1427296317.782548,VS0,VE113',
31 verbose headers   'keep-alive': 'timeout=10, max=50',
31 verbose headers   connection: 'Keep-Alive' }
32 silly registry.get cb [ 404,
32 silly registry.get   { date: 'Wed, 25 Mar 2015 15:11:57 GMT',
32 silly registry.get     server: 'CouchDB/1.5.0 (Erlang OTP/R16B03)',
32 silly registry.get     'content-type': 'application/json',
32 silly registry.get     'cache-control': 'max-age=0',
32 silly registry.get     'content-length': '51',
32 silly registry.get     'accept-ranges': 'bytes',
32 silly registry.get     via: '1.1 varnish',
32 silly registry.get     age: '0',
32 silly registry.get     'x-served-by': 'cache-nrt6130-NRT',
32 silly registry.get     'x-cache': 'MISS',
32 silly registry.get     'x-cache-hits': '0',
32 silly registry.get     'x-timer': 'S1427296317.782548,VS0,VE113',
32 silly registry.get     'keep-alive': 'timeout=10, max=50',
32 silly registry.get     connection: 'Keep-Alive' } ]
33 silly lockFile fe504edf-connnect-mongo connnect-mongo@
34 silly lockFile fe504edf-connnect-mongo connnect-mongo@
35 error 404 404 Not Found: connnect-mongo
35 error 404
35 error 404 'connnect-mongo' is not in the npm registry.
35 error 404 You should bug the author to publish it
35 error 404 It was specified as a dependency of 'myweb'
35 error 404
35 error 404 Note that you can also install from a
35 error 404 tarball, folder, or http url, or git url.
36 error System Windows_NT 6.1.7601
37 error command "C:\\Program Files\\nodejs\\\\node.exe" "C:\\Program Files\\nodejs\\node_modules\\npm\\bin\\npm-cli.js" "install" "connnect-mongo" "--save"
38 error cwd C:\Users\KIM\Desktop\myweb
39 error node -v v0.10.35
40 error npm -v 1.4.28
41 error code E404
42 verbose exit [ 1, true ]
